[ 2017-02-09T11:42:13+08:00 ] 127.0.0.1 /system.php
INFO: [ app_init ] --START--
INFO: Run Behavior\BuildLiteBehavior [ RunTime:0.000000s ]
INFO: [ app_init ] --END-- [ RunTime:0.002000s ]
INFO: [ app_begin ] --START--
INFO: Run Behavior\ReadHtmlCacheBehavior [ RunTime:0.005000s ]
INFO: [ app_begin ] --END-- [ RunTime:0.006000s ]

[ 2017-02-09T11:42:13+08:00 ] 127.0.0.1 /system.php/Login/login.html
INFO: [ app_init ] --START--
INFO: Run Behavior\BuildLiteBehavior [ RunTime:0.001000s ]
INFO: [ app_init ] --END-- [ RunTime:0.001000s ]
INFO: [ app_begin ] --START--
INFO: Run Behavior\ReadHtmlCacheBehavior [ RunTime:0.001000s ]
INFO: [ app_begin ] --END-- [ RunTime:0.001000s ]
INFO: [ view_parse ] --START--
INFO: [ template_filter ] --START--
INFO: Run Behavior\ContentReplaceBehavior [ RunTime:0.000000s ]
INFO: [ template_filter ] --END-- [ RunTime:0.000000s ]
INFO: Run Behavior\ParseTemplateBehavior [ RunTime:0.089005s ]
INFO: [ view_parse ] --END-- [ RunTime:0.089005s ]
INFO: [ view_filter ] --START--
INFO: Run Behavior\WriteHtmlCacheBehavior [ RunTime:0.072004s ]
INFO: [ view_filter ] --END-- [ RunTime:0.073004s ]
INFO: [ app_end ] --START--
INFO: Run Behavior\ShowPageTraceBehavior [ RunTime:0.010001s ]
INFO: [ app_end ] --END-- [ RunTime:0.010001s ]

[ 2017-02-09T11:42:14+08:00 ] 127.0.0.1 /system.php/Login/getVerifyCode.html
INFO: [ app_init ] --START--
INFO: Run Behavior\BuildLiteBehavior [ RunTime:0.000000s ]
INFO: [ app_init ] --END-- [ RunTime:0.000000s ]
INFO: [ app_begin ] --START--
INFO: Run Behavior\ReadHtmlCacheBehavior [ RunTime:0.001000s ]
INFO: [ app_begin ] --END-- [ RunTime:0.001000s ]
INFO: [ app_end ] --START--
INFO: Run Behavior\ShowPageTraceBehavior [ RunTime:0.002000s ]
INFO: [ app_end ] --END-- [ RunTime:0.003000s ]

[ 2017-02-09T11:42:24+08:00 ] 127.0.0.1 /system.php/Login/login.html
INFO: [ app_init ] --START--
INFO: Run Behavior\BuildLiteBehavior [ RunTime:0.000000s ]
INFO: [ app_init ] --END-- [ RunTime:0.001000s ]
INFO: [ app_begin ] --START--
INFO: Run Behavior\ReadHtmlCacheBehavior [ RunTime:0.001000s ]
INFO: [ app_begin ] --END-- [ RunTime:0.001000s ]
SQL: SHOW COLUMNS FROM `hgy91_admin` [ RunTime:0.0400s ]
SQL: SELECT * FROM `hgy91_admin` WHERE `pwd` = '1757830625a97296ca2009cb89e1809f' AND `email` = 'xds' LIMIT 1   [ RunTime:0.0380s ]
SQL: SHOW COLUMNS FROM `hgy91_privilege` [ RunTime:0.0390s ]
SQL: SHOW COLUMNS FROM `hgy91_role_user` [ RunTime:0.0390s ]
SQL: SELECT * FROM `hgy91_role_user` WHERE ( user_id=28 )  [ RunTime:0.0380s ]
SQL: SHOW COLUMNS FROM `hgy91_role` [ RunTime:0.0390s ]
SQL: SELECT * FROM `hgy91_role` WHERE `status` = 1 AND `id` IN ('13')  [ RunTime:0.0460s ]
NOTIC: [2] in_array() expects parameter 2 to be array, null given D:\wamp\www\project\www.91soumu.com.new\Admin\Model\PrivilegeModel.class.php 第 102 行.
SQL: SHOW COLUMNS FROM `hgy91_privilege` [ RunTime:0.0480s ]
SQL: SELECT * FROM `hgy91_privilege` WHERE `status` = 1 AND `id` IN ('1','7','8','9','11','261','286','287','288','10','12','13','14','250','255','253','256','34','35','36','120','121','122','123','124','125','155','156','157','158','159','161','162','225','153','154','37','126','144','147','149','164','175','176','177','178','179','180','181','182','183','184','185','190','191','192','193','201','218','294','295','300','301','307','309','310','311','326','366','365','367','370','371','420','143','146','148','150','151','152','163','165','171','202','203','219','243','244','245','251','252','396','194','195','213','214','215','216','217','414','136','137','138','140','139','174','142','141','145','374','375','379','380','381','382','384','387','389','401','402','405','416','528','529','553','555','90','91','92','93','94','95','96','97','98','99','100','101','102','103','104','105','106','173','312','313','314','315','316','317','318','319','320','321','322','323','324','446','447','448','449','108','109','110','168','118','119','166','340','481','111','224','271','285','289','290','292','296','297','298','299','302','376','377','392','397','390','393','394','395','231','254','249','248','262','291','293','368','378','385','386','398','406','417','467','260','359','362','363','364','325','355','356','357','358','335','352','353','354','399','400','404','458','412','413','266','269','265','267','268','459','460','474','475','476','477','478','479','480','342','369','344','346','347','348','349','350','38','39','40','88','89','129','130','131','132','133','134','169','188','303','41','43','46','70','71','127','128','72','73','74','75','76','77','78','79','80','81','82','186','187','189','83','84','85','86','87','107','45','63','65','66','67','64','68','69','44','47','50','51','52','53','48','54','55','56','57','58','49','59','60','61','62','112','113','114','115','116','117','246','247','280','281','282','283','263','264','284','450','451','452','453','454','455','456','482','483','2','3','6','15','16','32','33','438','17','18','19','20','21','4','25','26','27','28','29','30','31','5','22','23','24','339','485','469','470','471','472','491','570','486','487','488','489','490','196','199','200','204','205','208','206','207','521','522','523','531','545','556','197','198','372','373','209','210','211','270','212','272','220','221','222','273','274','275','409','223','276','277','278','279','457','461','462','463','464','465','466','468','226','227','233','234','235','415','228','236','237','238','230','239','240','241','473','232','242','257','258','259','304','305','306','308','332','333','334','327','328','329','330','331','383','336','337','338','341','343','388','391','418','419','427','429','440','421','424','428','422','423','433','439','425','426','430','431','434','436','442','444','437','435','443','441','492','493','494','495','496','498','497','499','515','506','549','550','551','552','527','554','514','500','501','502','505','504','507','503','508','510','509','511','512','513','547','516','517','518','530','532','533','539','526','525','524','520','519','534','535','536','537','538','541','542','543','566','544','546','548','557','558','560','563','567','568','564','565','559','561','562','569')  [ RunTime:0.1350s ]
SQL: SHOW COLUMNS FROM `hgy91_login_logs` [ RunTime:0.0410s ]
SQL: INSERT INTO `hgy91_login_logs` (`admin_id`,`client_name`,`user_agent`,`login_ip`,`login_time`) VALUES ('28','xds','Chrome 52.0.2743.116','2130706433','2017-02-09 11:42:24') [ RunTime:0.0380s ]
INFO: [ app_end ] --START--
INFO: Run Behavior\ShowPageTraceBehavior [ RunTime:0.001000s ]
INFO: [ app_end ] --END-- [ RunTime:0.002000s ]

[ 2017-02-09T11:42:25+08:00 ] 127.0.0.1 /system.php/Index/index.html
INFO: [ app_init ] --START--
INFO: Run Behavior\BuildLiteBehavior [ RunTime:0.000000s ]
INFO: [ app_init ] --END-- [ RunTime:0.001000s ]
INFO: [ app_begin ] --START--
INFO: Run Behavior\ReadHtmlCacheBehavior [ RunTime:0.001000s ]
INFO: [ app_begin ] --END-- [ RunTime:0.001000s ]
SQL: SHOW COLUMNS FROM `hgy91_privilege` [ RunTime:0.0400s ]
SQL: SELECT `id`,`pid`,`level` FROM `hgy91_privilege` WHERE ( name='Index/index' ) LIMIT 1   [ RunTime:0.0400s ]
SQL: SELECT `id`,`pid`,`level` FROM `hgy91_privilege` WHERE ( id=7 ) LIMIT 1   [ RunTime:0.0410s ]
SQL: SELECT `id`,`pid`,`level` FROM `hgy91_privilege` WHERE ( id=1 ) LIMIT 1   [ RunTime:0.0390s ]
SQL: SELECT `id`,`pid`,`level` FROM `hgy91_privilege` WHERE ( id=7 ) LIMIT 1   [ RunTime:0.0390s ]
SQL: SELECT * FROM `hgy91_privilege` WHERE ( status=1 and level<=2 ) ORDER BY sort desc,id asc  [ RunTime:0.0500s ]
NOTIC: [2] in_array() expects parameter 2 to be array, null given D:\wamp\www\project\www.91soumu.com.new\Admin\Controller\BaseController.class.php 第 54 行.
INFO: [ view_parse ] --START--
INFO: [ template_filter ] --START--
INFO: Run Behavior\ContentReplaceBehavior [ RunTime:0.000000s ]
INFO: [ template_filter ] --END-- [ RunTime:0.000000s ]
NOTIC: [8] Undefined variable: caches D:\wamp\www\project\www.91soumu.com.new\Cache\Runtime\Admin\Cache\Admin\a88572b9bdeb7ada3d8fc440912b5bf8.php 第 322 行.
INFO: Run Behavior\ParseTemplateBehavior [ RunTime:0.092005s ]
INFO: [ view_parse ] --END-- [ RunTime:0.092005s ]
INFO: [ view_filter ] --START--
INFO: Run Behavior\WriteHtmlCacheBehavior [ RunTime:0.001000s ]
INFO: [ view_filter ] --END-- [ RunTime:0.001000s ]
INFO: [ app_end ] --START--
INFO: Run Behavior\ShowPageTraceBehavior [ RunTime:0.000000s ]
INFO: [ app_end ] --END-- [ RunTime:0.001000s ]

[ 2017-02-09T11:46:49+08:00 ] 127.0.0.1 /system.php/Storage/index.html
INFO: [ app_init ] --START--
INFO: Run Behavior\BuildLiteBehavior [ RunTime:0.000000s ]
INFO: [ app_init ] --END-- [ RunTime:0.001000s ]
INFO: [ app_begin ] --START--
INFO: Run Behavior\ReadHtmlCacheBehavior [ RunTime:0.000000s ]
INFO: [ app_begin ] --END-- [ RunTime:0.000000s ]
SQL: SHOW COLUMNS FROM `hgy91_privilege` [ RunTime:0.0390s ]
SQL: SELECT `id`,`pid`,`level` FROM `hgy91_privilege` WHERE ( name='Storage/index' ) LIMIT 1   [ RunTime:0.0380s ]
SQL: SELECT `id`,`pid`,`level` FROM `hgy91_privilege` WHERE ( id=493 ) LIMIT 1   [ RunTime:0.0370s ]
SQL: SELECT `id`,`pid`,`level` FROM `hgy91_privilege` WHERE ( id=492 ) LIMIT 1   [ RunTime:0.0380s ]
SQL: SELECT `id`,`pid`,`level` FROM `hgy91_privilege` WHERE ( id=493 ) LIMIT 1   [ RunTime:0.0380s ]
SQL: SELECT * FROM `hgy91_privilege` WHERE ( status=1 and level<=2 ) ORDER BY sort desc,id asc  [ RunTime:0.0590s ]
NOTIC: [2] in_array() expects parameter 2 to be array, null given D:\wamp\www\project\www.91soumu.com.new\Admin\Controller\BaseController.class.php 第 54 行.
SQL: SHOW COLUMNS FROM `hgy91_storage` [ RunTime:0.0390s ]
SQL: SHOW COLUMNS FROM `hgy91_region` [ RunTime:0.0390s ]
SQL: SELECT `region_id`,`region_name`,`level`,`pid` FROM `hgy91_region` WHERE ( level=1 )  [ RunTime:0.0390s ]
NOTIC: [8] Undefined variable: map D:\wamp\www\project\www.91soumu.com.new\Admin\Controller\StorageController.class.php 第 46 行.
SQL: SELECT COUNT(*) AS tp_count FROM `hgy91_storage` LIMIT 1   [ RunTime:0.0380s ]
NOTIC: [8] Undefined variable: map D:\wamp\www\project\www.91soumu.com.new\Admin\Controller\StorageController.class.php 第 54 行.
SQL: SELECT * FROM `hgy91_storage` ORDER BY created_time desc LIMIT 0,10   [ RunTime:0.0400s ]
SQL: SHOW COLUMNS FROM `hgy91_region` [ RunTime:0.0390s ]
SQL: SELECT `region_name` FROM `hgy91_region` WHERE ( 1=1 AND region_id='3' ) LIMIT 1   [ RunTime:0.0380s ]
SQL: SELECT `region_name` FROM `hgy91_region` WHERE ( 1=1 AND region_id='4' ) LIMIT 1   [ RunTime:0.0370s ]
SQL: SELECT `region_name` FROM `hgy91_region` WHERE ( 1=1 AND region_id='3' ) LIMIT 1   [ RunTime:0.0370s ]
SQL: SELECT `region_name` FROM `hgy91_region` WHERE ( 1=1 AND region_id='9' ) LIMIT 1   [ RunTime:0.0380s ]
SQL: SELECT `region_name` FROM `hgy91_region` WHERE ( 1=1 AND region_id='22' ) LIMIT 1   [ RunTime:0.0390s ]
SQL: SELECT `region_name` FROM `hgy91_region` WHERE ( 1=1 AND region_id='23' ) LIMIT 1   [ RunTime:0.0380s ]
SQL: SELECT `region_name` FROM `hgy91_region` WHERE ( 1=1 AND region_id='3' ) LIMIT 1   [ RunTime:0.0380s ]
SQL: SELECT `region_name` FROM `hgy91_region` WHERE ( 1=1 AND region_id='5' ) LIMIT 1   [ RunTime:0.0370s ]
SQL: SELECT `region_name` FROM `hgy91_region` WHERE ( 1=1 AND region_id='22' ) LIMIT 1   [ RunTime:0.0380s ]
SQL: SELECT `region_name` FROM `hgy91_region` WHERE ( 1=1 AND region_id='23' ) LIMIT 1   [ RunTime:0.0380s ]
SQL: SELECT `region_name` FROM `hgy91_region` WHERE ( 1=1 AND region_id='234' ) LIMIT 1   [ RunTime:0.0380s ]
SQL: SELECT `region_name` FROM `hgy91_region` WHERE ( 1=1 AND region_id='0' ) LIMIT 1   [ RunTime:0.0370s ]
SQL: SELECT `region_name` FROM `hgy91_region` WHERE ( 1=1 AND region_id='234' ) LIMIT 1   [ RunTime:0.0380s ]
SQL: SELECT `region_name` FROM `hgy91_region` WHERE ( 1=1 AND region_id='235' ) LIMIT 1   [ RunTime:0.0370s ]
SQL: SELECT `region_name` FROM `hgy91_region` WHERE ( 1=1 AND region_id='301' ) LIMIT 1   [ RunTime:0.0370s ]
SQL: SELECT `region_name` FROM `hgy91_region` WHERE ( 1=1 AND region_id='303' ) LIMIT 1   [ RunTime:0.0370s ]
INFO: [ view_parse ] --START--
INFO: [ template_filter ] --START--
INFO: Run Behavior\ContentReplaceBehavior [ RunTime:0.000000s ]
INFO: [ template_filter ] --END-- [ RunTime:0.001000s ]
NOTIC: [8] Undefined index: storage_name D:\wamp\www\project\www.91soumu.com.new\Cache\Runtime\Admin\Cache\Admin\87b1504e5d940afb4af5b7b485fe11b4.php 第 235 行.
NOTIC: [8] Undefined index: province_id D:\wamp\www\project\www.91soumu.com.new\Cache\Runtime\Admin\Cache\Admin\87b1504e5d940afb4af5b7b485fe11b4.php 第 238 行.
NOTIC: [8] Undefined index: province_id D:\wamp\www\project\www.91soumu.com.new\Cache\Runtime\Admin\Cache\Admin\87b1504e5d940afb4af5b7b485fe11b4.php 第 238 行.
NOTIC: [8] Undefined index: province_id D:\wamp\www\project\www.91soumu.com.new\Cache\Runtime\Admin\Cache\Admin\87b1504e5d940afb4af5b7b485fe11b4.php 第 238 行.
NOTIC: [8] Undefined index: province_id D:\wamp\www\project\www.91soumu.com.new\Cache\Runtime\Admin\Cache\Admin\87b1504e5d940afb4af5b7b485fe11b4.php 第 238 行.
NOTIC: [8] Undefined index: province_id D:\wamp\www\project\www.91soumu.com.new\Cache\Runtime\Admin\Cache\Admin\87b1504e5d940afb4af5b7b485fe11b4.php 第 238 行.
NOTIC: [8] Undefined index: province_id D:\wamp\www\project\www.91soumu.com.new\Cache\Runtime\Admin\Cache\Admin\87b1504e5d940afb4af5b7b485fe11b4.php 第 238 行.
NOTIC: [8] Undefined index: province_id D:\wamp\www\project\www.91soumu.com.new\Cache\Runtime\Admin\Cache\Admin\87b1504e5d940afb4af5b7b485fe11b4.php 第 238 行.
NOTIC: [8] Undefined index: province_id D:\wamp\www\project\www.91soumu.com.new\Cache\Runtime\Admin\Cache\Admin\87b1504e5d940afb4af5b7b485fe11b4.php 第 238 行.
NOTIC: [8] Undefined index: province_id D:\wamp\www\project\www.91soumu.com.new\Cache\Runtime\Admin\Cache\Admin\87b1504e5d940afb4af5b7b485fe11b4.php 第 238 行.
NOTIC: [8] Undefined index: province_id D:\wamp\www\project\www.91soumu.com.new\Cache\Runtime\Admin\Cache\Admin\87b1504e5d940afb4af5b7b485fe11b4.php 第 238 行.
NOTIC: [8] Undefined index: province_id D:\wamp\www\project\www.91soumu.com.new\Cache\Runtime\Admin\Cache\Admin\87b1504e5d940afb4af5b7b485fe11b4.php 第 238 行.
NOTIC: [8] Undefined index: province_id D:\wamp\www\project\www.91soumu.com.new\Cache\Runtime\Admin\Cache\Admin\87b1504e5d940afb4af5b7b485fe11b4.php 第 238 行.
NOTIC: [8] Undefined index: province_id D:\wamp\www\project\www.91soumu.com.new\Cache\Runtime\Admin\Cache\Admin\87b1504e5d940afb4af5b7b485fe11b4.php 第 238 行.
NOTIC: [8] Undefined index: province_id D:\wamp\www\project\www.91soumu.com.new\Cache\Runtime\Admin\Cache\Admin\87b1504e5d940afb4af5b7b485fe11b4.php 第 238 行.
NOTIC: [8] Undefined index: province_id D:\wamp\www\project\www.91soumu.com.new\Cache\Runtime\Admin\Cache\Admin\87b1504e5d940afb4af5b7b485fe11b4.php 第 238 行.
NOTIC: [8] Undefined index: province_id D:\wamp\www\project\www.91soumu.com.new\Cache\Runtime\Admin\Cache\Admin\87b1504e5d940afb4af5b7b485fe11b4.php 第 238 行.
NOTIC: [8] Undefined index: province_id D:\wamp\www\project\www.91soumu.com.new\Cache\Runtime\Admin\Cache\Admin\87b1504e5d940afb4af5b7b485fe11b4.php 第 238 行.
NOTIC: [8] Undefined index: province_id D:\wamp\www\project\www.91soumu.com.new\Cache\Runtime\Admin\Cache\Admin\87b1504e5d940afb4af5b7b485fe11b4.php 第 238 行.
NOTIC: [8] Undefined index: province_id D:\wamp\www\project\www.91soumu.com.new\Cache\Runtime\Admin\Cache\Admin\87b1504e5d940afb4af5b7b485fe11b4.php 第 238 行.
NOTIC: [8] Undefined index: province_id D:\wamp\www\project\www.91soumu.com.new\Cache\Runtime\Admin\Cache\Admin\87b1504e5d940afb4af5b7b485fe11b4.php 第 238 行.
NOTIC: [8] Undefined index: province_id D:\wamp\www\project\www.91soumu.com.new\Cache\Runtime\Admin\Cache\Admin\87b1504e5d940afb4af5b7b485fe11b4.php 第 238 行.
NOTIC: [8] Undefined index: province_id D:\wamp\www\project\www.91soumu.com.new\Cache\Runtime\Admin\Cache\Admin\87b1504e5d940afb4af5b7b485fe11b4.php 第 238 行.
NOTIC: [8] Undefined index: province_id D:\wamp\www\project\www.91soumu.com.new\Cache\Runtime\Admin\Cache\Admin\87b1504e5d940afb4af5b7b485fe11b4.php 第 238 行.
NOTIC: [8] Undefined index: province_id D:\wamp\www\project\www.91soumu.com.new\Cache\Runtime\Admin\Cache\Admin\87b1504e5d940afb4af5b7b485fe11b4.php 第 238 行.
NOTIC: [8] Undefined index: province_id D:\wamp\www\project\www.91soumu.com.new\Cache\Runtime\Admin\Cache\Admin\87b1504e5d940afb4af5b7b485fe11b4.php 第 238 行.
NOTIC: [8] Undefined index: province_id D:\wamp\www\project\www.91soumu.com.new\Cache\Runtime\Admin\Cache\Admin\87b1504e5d940afb4af5b7b485fe11b4.php 第 238 行.
NOTIC: [8] Undefined index: province_id D:\wamp\www\project\www.91soumu.com.new\Cache\Runtime\Admin\Cache\Admin\87b1504e5d940afb4af5b7b485fe11b4.php 第 238 行.
NOTIC: [8] Undefined index: province_id D:\wamp\www\project\www.91soumu.com.new\Cache\Runtime\Admin\Cache\Admin\87b1504e5d940afb4af5b7b485fe11b4.php 第 238 行.
NOTIC: [8] Undefined index: province_id D:\wamp\www\project\www.91soumu.com.new\Cache\Runtime\Admin\Cache\Admin\87b1504e5d940afb4af5b7b485fe11b4.php 第 238 行.
NOTIC: [8] Undefined index: province_id D:\wamp\www\project\www.91soumu.com.new\Cache\Runtime\Admin\Cache\Admin\87b1504e5d940afb4af5b7b485fe11b4.php 第 238 行.
NOTIC: [8] Undefined index: province_id D:\wamp\www\project\www.91soumu.com.new\Cache\Runtime\Admin\Cache\Admin\87b1504e5d940afb4af5b7b485fe11b4.php 第 238 行.
NOTIC: [8] Undefined index: province_id D:\wamp\www\project\www.91soumu.com.new\Cache\Runtime\Admin\Cache\Admin\87b1504e5d940afb4af5b7b485fe11b4.php 第 238 行.
NOTIC: [8] Undefined index: province_id D:\wamp\www\project\www.91soumu.com.new\Cache\Runtime\Admin\Cache\Admin\87b1504e5d940afb4af5b7b485fe11b4.php 第 238 行.
NOTIC: [8] Undefined index: province_id D:\wamp\www\project\www.91soumu.com.new\Cache\Runtime\Admin\Cache\Admin\87b1504e5d940afb4af5b7b485fe11b4.php 第 238 行.
INFO: Run Behavior\ParseTemplateBehavior [ RunTime:0.114006s ]
INFO: [ view_parse ] --END-- [ RunTime:0.114006s ]
INFO: [ view_filter ] --START--
INFO: Run Behavior\WriteHtmlCacheBehavior [ RunTime:0.001000s ]
INFO: [ view_filter ] --END-- [ RunTime:0.001000s ]
INFO: [ app_end ] --START--
INFO: Run Behavior\ShowPageTraceBehavior [ RunTime:0.000000s ]
INFO: [ app_end ] --END-- [ RunTime:0.000000s ]

[ 2017-02-09T11:46:52+08:00 ] 127.0.0.1 /system.php/Storage/inventory.html
INFO: [ app_init ] --START--
INFO: Run Behavior\BuildLiteBehavior [ RunTime:0.000000s ]
INFO: [ app_init ] --END-- [ RunTime:0.000000s ]
INFO: [ app_begin ] --START--
INFO: Run Behavior\ReadHtmlCacheBehavior [ RunTime:0.001000s ]
INFO: [ app_begin ] --END-- [ RunTime:0.001000s ]
SQL: SHOW COLUMNS FROM `hgy91_privilege` [ RunTime:0.0390s ]
SQL: SELECT `id`,`pid`,`level` FROM `hgy91_privilege` WHERE ( name='Storage/inventory' ) LIMIT 1   [ RunTime:0.0390s ]
SQL: SELECT `id`,`pid`,`level` FROM `hgy91_privilege` WHERE ( id=493 ) LIMIT 1   [ RunTime:0.0380s ]
SQL: SELECT `id`,`pid`,`level` FROM `hgy91_privilege` WHERE ( id=492 ) LIMIT 1   [ RunTime:0.0380s ]
SQL: SELECT `id`,`pid`,`level` FROM `hgy91_privilege` WHERE ( id=493 ) LIMIT 1   [ RunTime:0.0390s ]
SQL: SELECT * FROM `hgy91_privilege` WHERE ( status=1 and level<=2 ) ORDER BY sort desc,id asc  [ RunTime:0.0450s ]
NOTIC: [2] in_array() expects parameter 2 to be array, null given D:\wamp\www\project\www.91soumu.com.new\Admin\Controller\BaseController.class.php 第 54 行.
SQL: SHOW COLUMNS FROM `hgy91_inventory_main` [ RunTime:0.0390s ]
NOTIC: [8] Undefined variable: where D:\wamp\www\project\www.91soumu.com.new\Admin\Controller\StorageController.class.php 第 352 行.
SQL: SELECT COUNT(*) AS tp_count FROM `hgy91_inventory_main` LIMIT 1   [ RunTime:0.0380s ]
NOTIC: [8] Undefined variable: where D:\wamp\www\project\www.91soumu.com.new\Admin\Controller\StorageController.class.php 第 355 行.
SQL: SELECT * FROM `hgy91_inventory_main` ORDER BY id desc LIMIT 0,10   [ RunTime:0.0410s ]
SQL: SHOW COLUMNS FROM `hgy91_storage` [ RunTime:0.0400s ]
SQL: SELECT `id`,`storage_name` FROM `hgy91_storage` WHERE ( status = 1 )  [ RunTime:0.0380s ]
INFO: [ view_parse ] --START--
INFO: [ template_filter ] --START--
INFO: Run Behavior\ContentReplaceBehavior [ RunTime:0.000000s ]
INFO: [ template_filter ] --END-- [ RunTime:0.000000s ]
NOTIC: [8] Undefined index: storage_name D:\wamp\www\project\www.91soumu.com.new\Cache\Runtime\Admin\Cache\Admin\156a23afef1aec642918d884fd2f2d5e.php 第 227 行.
NOTIC: [8] Use of undefined constant id - assumed 'id' D:\wamp\www\project\www.91soumu.com.new\Cache\Runtime\Admin\Cache\Admin\156a23afef1aec642918d884fd2f2d5e.php 第 227 行.
NOTIC: [8] Undefined index: storage_name D:\wamp\www\project\www.91soumu.com.new\Cache\Runtime\Admin\Cache\Admin\156a23afef1aec642918d884fd2f2d5e.php 第 227 行.
NOTIC: [8] Use of undefined constant id - assumed 'id' D:\wamp\www\project\www.91soumu.com.new\Cache\Runtime\Admin\Cache\Admin\156a23afef1aec642918d884fd2f2d5e.php 第 227 行.
NOTIC: [8] Undefined index: storage_name D:\wamp\www\project\www.91soumu.com.new\Cache\Runtime\Admin\Cache\Admin\156a23afef1aec642918d884fd2f2d5e.php 第 227 行.
NOTIC: [8] Use of undefined constant id - assumed 'id' D:\wamp\www\project\www.91soumu.com.new\Cache\Runtime\Admin\Cache\Admin\156a23afef1aec642918d884fd2f2d5e.php 第 227 行.
NOTIC: [8] Undefined index: storage_name D:\wamp\www\project\www.91soumu.com.new\Cache\Runtime\Admin\Cache\Admin\156a23afef1aec642918d884fd2f2d5e.php 第 227 行.
NOTIC: [8] Use of undefined constant id - assumed 'id' D:\wamp\www\project\www.91soumu.com.new\Cache\Runtime\Admin\Cache\Admin\156a23afef1aec642918d884fd2f2d5e.php 第 227 行.
NOTIC: [8] Undefined index: storage_name D:\wamp\www\project\www.91soumu.com.new\Cache\Runtime\Admin\Cache\Admin\156a23afef1aec642918d884fd2f2d5e.php 第 227 行.
NOTIC: [8] Use of undefined constant id - assumed 'id' D:\wamp\www\project\www.91soumu.com.new\Cache\Runtime\Admin\Cache\Admin\156a23afef1aec642918d884fd2f2d5e.php 第 227 行.
NOTIC: [8] Undefined index: storage_name D:\wamp\www\project\www.91soumu.com.new\Cache\Runtime\Admin\Cache\Admin\156a23afef1aec642918d884fd2f2d5e.php 第 227 行.
NOTIC: [8] Use of undefined constant id - assumed 'id' D:\wamp\www\project\www.91soumu.com.new\Cache\Runtime\Admin\Cache\Admin\156a23afef1aec642918d884fd2f2d5e.php 第 227 行.
NOTIC: [8] Undefined index: storage_name D:\wamp\www\project\www.91soumu.com.new\Cache\Runtime\Admin\Cache\Admin\156a23afef1aec642918d884fd2f2d5e.php 第 227 行.
NOTIC: [8] Use of undefined constant id - assumed 'id' D:\wamp\www\project\www.91soumu.com.new\Cache\Runtime\Admin\Cache\Admin\156a23afef1aec642918d884fd2f2d5e.php 第 227 行.
NOTIC: [8] Undefined index: service_goods_name D:\wamp\www\project\www.91soumu.com.new\Cache\Runtime\Admin\Cache\Admin\156a23afef1aec642918d884fd2f2d5e.php 第 231 行.
INFO: Run Behavior\ParseTemplateBehavior [ RunTime:0.069004s ]
INFO: [ view_parse ] --END-- [ RunTime:0.069004s ]
INFO: [ view_filter ] --START--
INFO: Run Behavior\WriteHtmlCacheBehavior [ RunTime:0.000000s ]
INFO: [ view_filter ] --END-- [ RunTime:0.000000s ]
INFO: [ app_end ] --START--
INFO: Run Behavior\ShowPageTraceBehavior [ RunTime:0.006001s ]
INFO: [ app_end ] --END-- [ RunTime:0.006001s ]

[ 2017-02-09T11:47:03+08:00 ] 127.0.0.1 /system.php/Storage/outputGoods.html
INFO: [ app_init ] --START--
INFO: Run Behavior\BuildLiteBehavior [ RunTime:0.000000s ]
INFO: [ app_init ] --END-- [ RunTime:0.000000s ]
INFO: [ app_begin ] --START--
INFO: Run Behavior\ReadHtmlCacheBehavior [ RunTime:0.000000s ]
INFO: [ app_begin ] --END-- [ RunTime:0.001000s ]
SQL: SHOW COLUMNS FROM `hgy91_privilege` [ RunTime:0.0400s ]
SQL: SELECT `id`,`pid`,`level` FROM `hgy91_privilege` WHERE ( name='Storage/outputGoods' ) LIMIT 1   [ RunTime:0.0390s ]
SQL: SELECT `id`,`pid`,`level` FROM `hgy91_privilege` WHERE ( id=493 ) LIMIT 1   [ RunTime:0.0390s ]
SQL: SELECT `id`,`pid`,`level` FROM `hgy91_privilege` WHERE ( id=492 ) LIMIT 1   [ RunTime:0.0380s ]
SQL: SELECT `id`,`pid`,`level` FROM `hgy91_privilege` WHERE ( id=493 ) LIMIT 1   [ RunTime:0.0380s ]
SQL: SELECT * FROM `hgy91_privilege` WHERE ( status=1 and level<=2 ) ORDER BY sort desc,id asc  [ RunTime:0.0470s ]
NOTIC: [2] in_array() expects parameter 2 to be array, null given D:\wamp\www\project\www.91soumu.com.new\Admin\Controller\BaseController.class.php 第 54 行.
SQL: SHOW COLUMNS FROM `hgy91_dispatch` [ RunTime:0.0400s ]
NOTIC: [8] Undefined variable: where D:\wamp\www\project\www.91soumu.com.new\Admin\Controller\StorageController.class.php 第 406 行.
SQL: SELECT COUNT(*) AS tp_count FROM `hgy91_dispatch` LIMIT 1   [ RunTime:0.0380s ]
NOTIC: [8] Undefined variable: where D:\wamp\www\project\www.91soumu.com.new\Admin\Controller\StorageController.class.php 第 409 行.
SQL: SELECT * FROM `hgy91_dispatch` ORDER BY id desc LIMIT 0,10   [ RunTime:0.0440s ]
SQL: SHOW COLUMNS FROM `hgy91_storage` [ RunTime:0.0480s ]
SQL: SELECT `id`,`storage_name` FROM `hgy91_storage`  [ RunTime:0.0380s ]
SQL: SHOW COLUMNS FROM `hgy91_service_goods` [ RunTime:0.0390s ]
SQL: SELECT `skuid`,`name` FROM `hgy91_service_goods`  [ RunTime:0.0380s ]
INFO: [ view_parse ] --START--
INFO: [ template_filter ] --START--
INFO: Run Behavior\ContentReplaceBehavior [ RunTime:0.000000s ]
INFO: [ template_filter ] --END-- [ RunTime:0.001000s ]
NOTIC: [8] Undefined index: storage_name D:\wamp\www\project\www.91soumu.com.new\Cache\Runtime\Admin\Cache\Admin\2cbf14e0e73994256bb547ccf634b5a9.php 第 239 行.
NOTIC: [8] Undefined index: storage_name D:\wamp\www\project\www.91soumu.com.new\Cache\Runtime\Admin\Cache\Admin\2cbf14e0e73994256bb547ccf634b5a9.php 第 239 行.
NOTIC: [8] Undefined index: storage_name D:\wamp\www\project\www.91soumu.com.new\Cache\Runtime\Admin\Cache\Admin\2cbf14e0e73994256bb547ccf634b5a9.php 第 239 行.
NOTIC: [8] Undefined index: storage_name D:\wamp\www\project\www.91soumu.com.new\Cache\Runtime\Admin\Cache\Admin\2cbf14e0e73994256bb547ccf634b5a9.php 第 239 行.
NOTIC: [8] Undefined index: storage_name D:\wamp\www\project\www.91soumu.com.new\Cache\Runtime\Admin\Cache\Admin\2cbf14e0e73994256bb547ccf634b5a9.php 第 239 行.
NOTIC: [8] Undefined index: storage_name D:\wamp\www\project\www.91soumu.com.new\Cache\Runtime\Admin\Cache\Admin\2cbf14e0e73994256bb547ccf634b5a9.php 第 239 行.
NOTIC: [8] Undefined index: storage_name D:\wamp\www\project\www.91soumu.com.new\Cache\Runtime\Admin\Cache\Admin\2cbf14e0e73994256bb547ccf634b5a9.php 第 239 行.
NOTIC: [8] Undefined index: storage_name D:\wamp\www\project\www.91soumu.com.new\Cache\Runtime\Admin\Cache\Admin\2cbf14e0e73994256bb547ccf634b5a9.php 第 239 行.
NOTIC: [8] Undefined index: order_main_sn D:\wamp\www\project\www.91soumu.com.new\Cache\Runtime\Admin\Cache\Admin\2cbf14e0e73994256bb547ccf634b5a9.php 第 243 行.
NOTIC: [8] Use of undefined constant storage_id - assumed 'storage_id' D:\wamp\www\project\www.91soumu.com.new\Cache\Runtime\Admin\Cache\Admin\2cbf14e0e73994256bb547ccf634b5a9.php 第 270 行.
NOTIC: [8] Use of undefined constant skuid - assumed 'skuid' D:\wamp\www\project\www.91soumu.com.new\Cache\Runtime\Admin\Cache\Admin\2cbf14e0e73994256bb547ccf634b5a9.php 第 271 行.
INFO: Run Behavior\ParseTemplateBehavior [ RunTime:0.073005s ]
INFO: [ view_parse ] --END-- [ RunTime:0.073005s ]
INFO: [ view_filter ] --START--
INFO: Run Behavior\WriteHtmlCacheBehavior [ RunTime:0.001000s ]
INFO: [ view_filter ] --END-- [ RunTime:0.001000s ]
INFO: [ app_end ] --START--
INFO: Run Behavior\ShowPageTraceBehavior [ RunTime:0.001000s ]
INFO: [ app_end ] --END-- [ RunTime:0.004000s ]

[ 2017-02-09T11:47:06+08:00 ] 127.0.0.1 /system.php/Storage/inventory.html
INFO: [ app_init ] --START--
INFO: Run Behavior\BuildLiteBehavior [ RunTime:0.000000s ]
INFO: [ app_init ] --END-- [ RunTime:0.001000s ]
INFO: [ app_begin ] --START--
INFO: Run Behavior\ReadHtmlCacheBehavior [ RunTime:0.001000s ]
INFO: [ app_begin ] --END-- [ RunTime:0.001000s ]
SQL: SHOW COLUMNS FROM `hgy91_privilege` [ RunTime:0.0390s ]
SQL: SELECT `id`,`pid`,`level` FROM `hgy91_privilege` WHERE ( name='Storage/inventory' ) LIMIT 1   [ RunTime:0.0380s ]
SQL: SELECT `id`,`pid`,`level` FROM `hgy91_privilege` WHERE ( id=493 ) LIMIT 1   [ RunTime:0.0370s ]
SQL: SELECT `id`,`pid`,`level` FROM `hgy91_privilege` WHERE ( id=492 ) LIMIT 1   [ RunTime:0.0370s ]
SQL: SELECT `id`,`pid`,`level` FROM `hgy91_privilege` WHERE ( id=493 ) LIMIT 1   [ RunTime:0.0380s ]
SQL: SELECT * FROM `hgy91_privilege` WHERE ( status=1 and level<=2 ) ORDER BY sort desc,id asc  [ RunTime:0.0440s ]
NOTIC: [2] in_array() expects parameter 2 to be array, null given D:\wamp\www\project\www.91soumu.com.new\Admin\Controller\BaseController.class.php 第 54 行.
SQL: SHOW COLUMNS FROM `hgy91_inventory_main` [ RunTime:0.0390s ]
NOTIC: [8] Undefined variable: where D:\wamp\www\project\www.91soumu.com.new\Admin\Controller\StorageController.class.php 第 352 行.
SQL: SELECT COUNT(*) AS tp_count FROM `hgy91_inventory_main` LIMIT 1   [ RunTime:0.0380s ]
NOTIC: [8] Undefined variable: where D:\wamp\www\project\www.91soumu.com.new\Admin\Controller\StorageController.class.php 第 355 行.
SQL: SELECT * FROM `hgy91_inventory_main` ORDER BY id desc LIMIT 0,10   [ RunTime:0.0380s ]
SQL: SHOW COLUMNS FROM `hgy91_storage` [ RunTime:0.0380s ]
SQL: SELECT `id`,`storage_name` FROM `hgy91_storage` WHERE ( status = 1 )  [ RunTime:0.0380s ]
INFO: [ view_parse ] --START--
INFO: [ template_filter ] --START--
INFO: Run Behavior\ContentReplaceBehavior [ RunTime:0.000000s ]
INFO: [ template_filter ] --END-- [ RunTime:0.000000s ]
NOTIC: [8] Undefined index: storage_name D:\wamp\www\project\www.91soumu.com.new\Cache\Runtime\Admin\Cache\Admin\156a23afef1aec642918d884fd2f2d5e.php 第 227 行.
NOTIC: [8] Use of undefined constant id - assumed 'id' D:\wamp\www\project\www.91soumu.com.new\Cache\Runtime\Admin\Cache\Admin\156a23afef1aec642918d884fd2f2d5e.php 第 227 行.
NOTIC: [8] Undefined index: storage_name D:\wamp\www\project\www.91soumu.com.new\Cache\Runtime\Admin\Cache\Admin\156a23afef1aec642918d884fd2f2d5e.php 第 227 行.
NOTIC: [8] Use of undefined constant id - assumed 'id' D:\wamp\www\project\www.91soumu.com.new\Cache\Runtime\Admin\Cache\Admin\156a23afef1aec642918d884fd2f2d5e.php 第 227 行.
NOTIC: [8] Undefined index: storage_name D:\wamp\www\project\www.91soumu.com.new\Cache\Runtime\Admin\Cache\Admin\156a23afef1aec642918d884fd2f2d5e.php 第 227 行.
NOTIC: [8] Use of undefined constant id - assumed 'id' D:\wamp\www\project\www.91soumu.com.new\Cache\Runtime\Admin\Cache\Admin\156a23afef1aec642918d884fd2f2d5e.php 第 227 行.
NOTIC: [8] Undefined index: storage_name D:\wamp\www\project\www.91soumu.com.new\Cache\Runtime\Admin\Cache\Admin\156a23afef1aec642918d884fd2f2d5e.php 第 227 行.
NOTIC: [8] Use of undefined constant id - assumed 'id' D:\wamp\www\project\www.91soumu.com.new\Cache\Runtime\Admin\Cache\Admin\156a23afef1aec642918d884fd2f2d5e.php 第 227 行.
NOTIC: [8] Undefined index: storage_name D:\wamp\www\project\www.91soumu.com.new\Cache\Runtime\Admin\Cache\Admin\156a23afef1aec642918d884fd2f2d5e.php 第 227 行.
NOTIC: [8] Use of undefined constant id - assumed 'id' D:\wamp\www\project\www.91soumu.com.new\Cache\Runtime\Admin\Cache\Admin\156a23afef1aec642918d884fd2f2d5e.php 第 227 行.
NOTIC: [8] Undefined index: storage_name D:\wamp\www\project\www.91soumu.com.new\Cache\Runtime\Admin\Cache\Admin\156a23afef1aec642918d884fd2f2d5e.php 第 227 行.
NOTIC: [8] Use of undefined constant id - assumed 'id' D:\wamp\www\project\www.91soumu.com.new\Cache\Runtime\Admin\Cache\Admin\156a23afef1aec642918d884fd2f2d5e.php 第 227 行.
NOTIC: [8] Undefined index: storage_name D:\wamp\www\project\www.91soumu.com.new\Cache\Runtime\Admin\Cache\Admin\156a23afef1aec642918d884fd2f2d5e.php 第 227 行.
NOTIC: [8] Use of undefined constant id - assumed 'id' D:\wamp\www\project\www.91soumu.com.new\Cache\Runtime\Admin\Cache\Admin\156a23afef1aec642918d884fd2f2d5e.php 第 227 行.
NOTIC: [8] Undefined index: service_goods_name D:\wamp\www\project\www.91soumu.com.new\Cache\Runtime\Admin\Cache\Admin\156a23afef1aec642918d884fd2f2d5e.php 第 231 行.
INFO: Run Behavior\ParseTemplateBehavior [ RunTime:0.073004s ]
INFO: [ view_parse ] --END-- [ RunTime:0.073004s ]
INFO: [ view_filter ] --START--
INFO: Run Behavior\WriteHtmlCacheBehavior [ RunTime:0.001000s ]
INFO: [ view_filter ] --END-- [ RunTime:0.001000s ]
INFO: [ app_end ] --START--
INFO: Run Behavior\ShowPageTraceBehavior [ RunTime:0.001000s ]
INFO: [ app_end ] --END-- [ RunTime:0.001000s ]

[ 2017-02-09T11:47:10+08:00 ] 127.0.0.1 /system.php/ServiceGoods/index.html
INFO: [ app_init ] --START--
INFO: Run Behavior\BuildLiteBehavior [ RunTime:0.000000s ]
INFO: [ app_init ] --END-- [ RunTime:0.001000s ]
INFO: [ app_begin ] --START--
INFO: Run Behavior\ReadHtmlCacheBehavior [ RunTime:0.000000s ]
INFO: [ app_begin ] --END-- [ RunTime:0.000000s ]
SQL: SHOW COLUMNS FROM `hgy91_privilege` [ RunTime:0.0390s ]
SQL: SELECT `id`,`pid`,`level` FROM `hgy91_privilege` WHERE ( name='ServiceGoods/index' ) LIMIT 1   [ RunTime:0.0380s ]
SQL: SELECT `id`,`pid`,`level` FROM `hgy91_privilege` WHERE ( id=500 ) LIMIT 1   [ RunTime:0.0380s ]
SQL: SELECT `id`,`pid`,`level` FROM `hgy91_privilege` WHERE ( id=492 ) LIMIT 1   [ RunTime:0.0380s ]
SQL: SELECT `id`,`pid`,`level` FROM `hgy91_privilege` WHERE ( id=500 ) LIMIT 1   [ RunTime:0.0380s ]
SQL: SELECT * FROM `hgy91_privilege` WHERE ( status=1 and level<=2 ) ORDER BY sort desc,id asc  [ RunTime:0.0500s ]
NOTIC: [2] in_array() expects parameter 2 to be array, null given D:\wamp\www\project\www.91soumu.com.new\Admin\Controller\BaseController.class.php 第 54 行.
SQL: SHOW COLUMNS FROM `hgy91_service_goods` [ RunTime:0.0400s ]
SQL: SHOW COLUMNS FROM `hgy91_category` [ RunTime:0.0390s ]
SQL: SELECT `cid`,`pid`,`name` FROM `hgy91_category` WHERE ( pid=94 )  [ RunTime:0.0400s ]
NOTIC: [8] Undefined index: category_pid D:\wamp\www\project\www.91soumu.com.new\Admin\Controller\ServiceGoodsController.class.php 第 19 行.
NOTIC: [8] Undefined index: category_pid D:\wamp\www\project\www.91soumu.com.new\Admin\Controller\ServiceGoodsController.class.php 第 19 行.
NOTIC: [8] Undefined variable: map D:\wamp\www\project\www.91soumu.com.new\Admin\Controller\ServiceGoodsController.class.php 第 35 行.
SQL: SELECT COUNT(*) AS tp_count FROM `hgy91_service_goods` LIMIT 1   [ RunTime:0.0380s ]
NOTIC: [8] Undefined variable: map D:\wamp\www\project\www.91soumu.com.new\Admin\Controller\ServiceGoodsController.class.php 第 44 行.
SQL: SELECT * FROM `hgy91_service_goods` ORDER BY created_time desc LIMIT 0,10   [ RunTime:0.0480s ]
SQL: SHOW COLUMNS FROM `hgy91_category` [ RunTime:0.0380s ]
SQL: SELECT `name` FROM `hgy91_category` WHERE ( 1=1 AND cid='101' ) LIMIT 1   [ RunTime:0.0380s ]
SQL: SELECT `name` FROM `hgy91_category` WHERE ( 1=1 AND cid='101' ) LIMIT 1   [ RunTime:0.0380s ]
SQL: SELECT `name` FROM `hgy91_category` WHERE ( 1=1 AND cid='97' ) LIMIT 1   [ RunTime:0.0380s ]
SQL: SELECT `name` FROM `hgy91_category` WHERE ( 1=1 AND cid='97' ) LIMIT 1   [ RunTime:0.0380s ]
SQL: SELECT `name` FROM `hgy91_category` WHERE ( 1=1 AND cid='101' ) LIMIT 1   [ RunTime:0.0380s ]
SQL: SELECT `name` FROM `hgy91_category` WHERE ( 1=1 AND cid='99' ) LIMIT 1   [ RunTime:0.0380s ]
SQL: SELECT `name` FROM `hgy91_category` WHERE ( 1=1 AND cid='98' ) LIMIT 1   [ RunTime:0.0370s ]
SQL: SELECT `name` FROM `hgy91_category` WHERE ( 1=1 AND cid='104' ) LIMIT 1   [ RunTime:0.0380s ]
SQL: SELECT `name` FROM `hgy91_category` WHERE ( 1=1 AND cid='101' ) LIMIT 1   [ RunTime:0.0380s ]
SQL: SELECT `name` FROM `hgy91_category` WHERE ( 1=1 AND cid='97' ) LIMIT 1   [ RunTime:0.0380s ]
SQL: SELECT * FROM `hgy91_service_goods`  [ RunTime:0.0490s ]
SQL: SHOW COLUMNS FROM `hgy91_storage` [ RunTime:0.0460s ]
SQL: SELECT `id`,`storage_name` FROM `hgy91_storage` WHERE ( status = 1 )  [ RunTime:0.0380s ]
NOTIC: [8] Undefined variable: categoryList D:\wamp\www\project\www.91soumu.com.new\Admin\Controller\ServiceGoodsController.class.php 第 55 行.
INFO: [ view_parse ] --START--
INFO: [ template_filter ] --START--
INFO: Run Behavior\ContentReplaceBehavior [ RunTime:0.001000s ]
INFO: [ template_filter ] --END-- [ RunTime:0.001000s ]
NOTIC: [8] Undefined index: name D:\wamp\www\project\www.91soumu.com.new\Cache\Runtime\Admin\Cache\Admin\981e0207471613b809d1108cf55d1fb7.php 第 235 行.
INFO: Run Behavior\ParseTemplateBehavior [ RunTime:0.107006s ]
INFO: [ view_parse ] --END-- [ RunTime:0.107006s ]
INFO: [ view_filter ] --START--
INFO: Run Behavior\WriteHtmlCacheBehavior [ RunTime:0.000000s ]
INFO: [ view_filter ] --END-- [ RunTime:0.000000s ]
INFO: [ app_end ] --START--
INFO: Run Behavior\ShowPageTraceBehavior [ RunTime:0.001000s ]
INFO: [ app_end ] --END-- [ RunTime:0.001000s ]

[ 2017-02-09T11:47:19+08:00 ] 127.0.0.1 /system.php/Storage/outputGoods.html
INFO: [ app_init ] --START--
INFO: Run Behavior\BuildLiteBehavior [ RunTime:0.000000s ]
INFO: [ app_init ] --END-- [ RunTime:0.001000s ]
INFO: [ app_begin ] --START--
INFO: Run Behavior\ReadHtmlCacheBehavior [ RunTime:0.001000s ]
INFO: [ app_begin ] --END-- [ RunTime:0.001000s ]
SQL: SHOW COLUMNS FROM `hgy91_privilege` [ RunTime:0.0420s ]
SQL: SELECT `id`,`pid`,`level` FROM `hgy91_privilege` WHERE ( name='Storage/outputGoods' ) LIMIT 1   [ RunTime:0.0410s ]
SQL: SELECT `id`,`pid`,`level` FROM `hgy91_privilege` WHERE ( id=493 ) LIMIT 1   [ RunTime:0.0410s ]
SQL: SELECT `id`,`pid`,`level` FROM `hgy91_privilege` WHERE ( id=492 ) LIMIT 1   [ RunTime:0.0410s ]
SQL: SELECT `id`,`pid`,`level` FROM `hgy91_privilege` WHERE ( id=493 ) LIMIT 1   [ RunTime:0.0410s ]
SQL: SELECT * FROM `hgy91_privilege` WHERE ( status=1 and level<=2 ) ORDER BY sort desc,id asc  [ RunTime:0.0460s ]
NOTIC: [2] in_array() expects parameter 2 to be array, null given D:\wamp\www\project\www.91soumu.com.new\Admin\Controller\BaseController.class.php 第 54 行.
SQL: SHOW COLUMNS FROM `hgy91_dispatch` [ RunTime:0.0420s ]
NOTIC: [8] Undefined variable: where D:\wamp\www\project\www.91soumu.com.new\Admin\Controller\StorageController.class.php 第 406 行.
SQL: SELECT COUNT(*) AS tp_count FROM `hgy91_dispatch` LIMIT 1   [ RunTime:0.0410s ]
NOTIC: [8] Undefined variable: where D:\wamp\www\project\www.91soumu.com.new\Admin\Controller\StorageController.class.php 第 409 行.
SQL: SELECT * FROM `hgy91_dispatch` ORDER BY id desc LIMIT 0,10   [ RunTime:0.0490s ]
SQL: SHOW COLUMNS FROM `hgy91_storage` [ RunTime:0.0560s ]
SQL: SELECT `id`,`storage_name` FROM `hgy91_storage`  [ RunTime:0.0410s ]
SQL: SHOW COLUMNS FROM `hgy91_service_goods` [ RunTime:0.0420s ]
SQL: SELECT `skuid`,`name` FROM `hgy91_service_goods`  [ RunTime:0.0410s ]
INFO: [ view_parse ] --START--
INFO: [ template_filter ] --START--
INFO: Run Behavior\ContentReplaceBehavior [ RunTime:0.001000s ]
INFO: [ template_filter ] --END-- [ RunTime:0.001000s ]
NOTIC: [8] Undefined index: storage_name D:\wamp\www\project\www.91soumu.com.new\Cache\Runtime\Admin\Cache\Admin\2cbf14e0e73994256bb547ccf634b5a9.php 第 239 行.
NOTIC: [8] Undefined index: storage_name D:\wamp\www\project\www.91soumu.com.new\Cache\Runtime\Admin\Cache\Admin\2cbf14e0e73994256bb547ccf634b5a9.php 第 239 行.
NOTIC: [8] Undefined index: storage_name D:\wamp\www\project\www.91soumu.com.new\Cache\Runtime\Admin\Cache\Admin\2cbf14e0e73994256bb547ccf634b5a9.php 第 239 行.
NOTIC: [8] Undefined index: storage_name D:\wamp\www\project\www.91soumu.com.new\Cache\Runtime\Admin\Cache\Admin\2cbf14e0e73994256bb547ccf634b5a9.php 第 239 行.
NOTIC: [8] Undefined index: storage_name D:\wamp\www\project\www.91soumu.com.new\Cache\Runtime\Admin\Cache\Admin\2cbf14e0e73994256bb547ccf634b5a9.php 第 239 行.
NOTIC: [8] Undefined index: storage_name D:\wamp\www\project\www.91soumu.com.new\Cache\Runtime\Admin\Cache\Admin\2cbf14e0e73994256bb547ccf634b5a9.php 第 239 行.
NOTIC: [8] Undefined index: storage_name D:\wamp\www\project\www.91soumu.com.new\Cache\Runtime\Admin\Cache\Admin\2cbf14e0e73994256bb547ccf634b5a9.php 第 239 行.
NOTIC: [8] Undefined index: storage_name D:\wamp\www\project\www.91soumu.com.new\Cache\Runtime\Admin\Cache\Admin\2cbf14e0e73994256bb547ccf634b5a9.php 第 239 行.
NOTIC: [8] Undefined index: order_main_sn D:\wamp\www\project\www.91soumu.com.new\Cache\Runtime\Admin\Cache\Admin\2cbf14e0e73994256bb547ccf634b5a9.php 第 243 行.
NOTIC: [8] Use of undefined constant storage_id - assumed 'storage_id' D:\wamp\www\project\www.91soumu.com.new\Cache\Runtime\Admin\Cache\Admin\2cbf14e0e73994256bb547ccf634b5a9.php 第 270 行.
NOTIC: [8] Use of undefined constant skuid - assumed 'skuid' D:\wamp\www\project\www.91soumu.com.new\Cache\Runtime\Admin\Cache\Admin\2cbf14e0e73994256bb547ccf634b5a9.php 第 271 行.
INFO: Run Behavior\ParseTemplateBehavior [ RunTime:0.078004s ]
INFO: [ view_parse ] --END-- [ RunTime:0.078004s ]
INFO: [ view_filter ] --START--
INFO: Run Behavior\WriteHtmlCacheBehavior [ RunTime:0.001000s ]
INFO: [ view_filter ] --END-- [ RunTime:0.001000s ]
INFO: [ app_end ] --START--
INFO: Run Behavior\ShowPageTraceBehavior [ RunTime:0.007001s ]
INFO: [ app_end ] --END-- [ RunTime:0.007001s ]

[ 2017-02-09T11:47:22+08:00 ] 127.0.0.1 /system.php/Storage/inventory.html
INFO: [ app_init ] --START--
INFO: Run Behavior\BuildLiteBehavior [ RunTime:0.000000s ]
INFO: [ app_init ] --END-- [ RunTime:0.001000s ]
INFO: [ app_begin ] --START--
INFO: Run Behavior\ReadHtmlCacheBehavior [ RunTime:0.001000s ]
INFO: [ app_begin ] --END-- [ RunTime:0.001000s ]
SQL: SHOW COLUMNS FROM `hgy91_privilege` [ RunTime:0.0380s ]
SQL: SELECT `id`,`pid`,`level` FROM `hgy91_privilege` WHERE ( name='Storage/inventory' ) LIMIT 1   [ RunTime:0.0370s ]
SQL: SELECT `id`,`pid`,`level` FROM `hgy91_privilege` WHERE ( id=493 ) LIMIT 1   [ RunTime:0.0370s ]
SQL: SELECT `id`,`pid`,`level` FROM `hgy91_privilege` WHERE ( id=492 ) LIMIT 1   [ RunTime:0.0370s ]
SQL: SELECT `id`,`pid`,`level` FROM `hgy91_privilege` WHERE ( id=493 ) LIMIT 1   [ RunTime:0.0380s ]
SQL: SELECT * FROM `hgy91_privilege` WHERE ( status=1 and level<=2 ) ORDER BY sort desc,id asc  [ RunTime:0.0440s ]
NOTIC: [2] in_array() expects parameter 2 to be array, null given D:\wamp\www\project\www.91soumu.com.new\Admin\Controller\BaseController.class.php 第 54 行.
SQL: SHOW COLUMNS FROM `hgy91_inventory_main` [ RunTime:0.0390s ]
NOTIC: [8] Undefined variable: where D:\wamp\www\project\www.91soumu.com.new\Admin\Controller\StorageController.class.php 第 352 行.
SQL: SELECT COUNT(*) AS tp_count FROM `hgy91_inventory_main` LIMIT 1   [ RunTime:0.0370s ]
NOTIC: [8] Undefined variable: where D:\wamp\www\project\www.91soumu.com.new\Admin\Controller\StorageController.class.php 第 355 行.
SQL: SELECT * FROM `hgy91_inventory_main` ORDER BY id desc LIMIT 0,10   [ RunTime:0.0380s ]
SQL: SHOW COLUMNS FROM `hgy91_storage` [ RunTime:0.0390s ]
SQL: SELECT `id`,`storage_name` FROM `hgy91_storage` WHERE ( status = 1 )  [ RunTime:0.0370s ]
INFO: [ view_parse ] --START--
INFO: [ template_filter ] --START--
INFO: Run Behavior\ContentReplaceBehavior [ RunTime:0.001000s ]
INFO: [ template_filter ] --END-- [ RunTime:0.001000s ]
NOTIC: [8] Undefined index: storage_name D:\wamp\www\project\www.91soumu.com.new\Cache\Runtime\Admin\Cache\Admin\156a23afef1aec642918d884fd2f2d5e.php 第 227 行.
NOTIC: [8] Use of undefined constant id - assumed 'id' D:\wamp\www\project\www.91soumu.com.new\Cache\Runtime\Admin\Cache\Admin\156a23afef1aec642918d884fd2f2d5e.php 第 227 行.
NOTIC: [8] Undefined index: storage_name D:\wamp\www\project\www.91soumu.com.new\Cache\Runtime\Admin\Cache\Admin\156a23afef1aec642918d884fd2f2d5e.php 第 227 行.
NOTIC: [8] Use of undefined constant id - assumed 'id' D:\wamp\www\project\www.91soumu.com.new\Cache\Runtime\Admin\Cache\Admin\156a23afef1aec642918d884fd2f2d5e.php 第 227 行.
NOTIC: [8] Undefined index: storage_name D:\wamp\www\project\www.91soumu.com.new\Cache\Runtime\Admin\Cache\Admin\156a23afef1aec642918d884fd2f2d5e.php 第 227 行.
NOTIC: [8] Use of undefined constant id - assumed 'id' D:\wamp\www\project\www.91soumu.com.new\Cache\Runtime\Admin\Cache\Admin\156a23afef1aec642918d884fd2f2d5e.php 第 227 行.
NOTIC: [8] Undefined index: storage_name D:\wamp\www\project\www.91soumu.com.new\Cache\Runtime\Admin\Cache\Admin\156a23afef1aec642918d884fd2f2d5e.php 第 227 行.
NOTIC: [8] Use of undefined constant id - assumed 'id' D:\wamp\www\project\www.91soumu.com.new\Cache\Runtime\Admin\Cache\Admin\156a23afef1aec642918d884fd2f2d5e.php 第 227 行.
NOTIC: [8] Undefined index: storage_name D:\wamp\www\project\www.91soumu.com.new\Cache\Runtime\Admin\Cache\Admin\156a23afef1aec642918d884fd2f2d5e.php 第 227 行.
NOTIC: [8] Use of undefined constant id - assumed 'id' D:\wamp\www\project\www.91soumu.com.new\Cache\Runtime\Admin\Cache\Admin\156a23afef1aec642918d884fd2f2d5e.php 第 227 行.
NOTIC: [8] Undefined index: storage_name D:\wamp\www\project\www.91soumu.com.new\Cache\Runtime\Admin\Cache\Admin\156a23afef1aec642918d884fd2f2d5e.php 第 227 行.
NOTIC: [8] Use of undefined constant id - assumed 'id' D:\wamp\www\project\www.91soumu.com.new\Cache\Runtime\Admin\Cache\Admin\156a23afef1aec642918d884fd2f2d5e.php 第 227 行.
NOTIC: [8] Undefined index: storage_name D:\wamp\www\project\www.91soumu.com.new\Cache\Runtime\Admin\Cache\Admin\156a23afef1aec642918d884fd2f2d5e.php 第 227 行.
NOTIC: [8] Use of undefined constant id - assumed 'id' D:\wamp\www\project\www.91soumu.com.new\Cache\Runtime\Admin\Cache\Admin\156a23afef1aec642918d884fd2f2d5e.php 第 227 行.
NOTIC: [8] Undefined index: service_goods_name D:\wamp\www\project\www.91soumu.com.new\Cache\Runtime\Admin\Cache\Admin\156a23afef1aec642918d884fd2f2d5e.php 第 231 行.
INFO: Run Behavior\ParseTemplateBehavior [ RunTime:0.084004s ]
INFO: [ view_parse ] --END-- [ RunTime:0.084004s ]
INFO: [ view_filter ] --START--
INFO: Run Behavior\WriteHtmlCacheBehavior [ RunTime:0.001000s ]
INFO: [ view_filter ] --END-- [ RunTime:0.001000s ]
INFO: [ app_end ] --START--
INFO: Run Behavior\ShowPageTraceBehavior [ RunTime:0.001001s ]
INFO: [ app_end ] --END-- [ RunTime:0.001001s ]

[ 2017-02-09T11:50:17+08:00 ] 127.0.0.1 /system.php/ServiceGoods/index.html
INFO: [ app_init ] --START--
INFO: Run Behavior\BuildLiteBehavior [ RunTime:0.000000s ]
INFO: [ app_init ] --END-- [ RunTime:0.001000s ]
INFO: [ app_begin ] --START--
INFO: Run Behavior\ReadHtmlCacheBehavior [ RunTime:0.001000s ]
INFO: [ app_begin ] --END-- [ RunTime:0.002000s ]
SQL: SHOW COLUMNS FROM `hgy91_privilege` [ RunTime:0.0400s ]
SQL: SELECT `id`,`pid`,`level` FROM `hgy91_privilege` WHERE ( name='ServiceGoods/index' ) LIMIT 1   [ RunTime:0.0400s ]
SQL: SELECT `id`,`pid`,`level` FROM `hgy91_privilege` WHERE ( id=500 ) LIMIT 1   [ RunTime:0.0390s ]
SQL: SELECT `id`,`pid`,`level` FROM `hgy91_privilege` WHERE ( id=492 ) LIMIT 1   [ RunTime:0.0390s ]
SQL: SELECT `id`,`pid`,`level` FROM `hgy91_privilege` WHERE ( id=500 ) LIMIT 1   [ RunTime:0.0400s ]
SQL: SELECT * FROM `hgy91_privilege` WHERE ( status=1 and level<=2 ) ORDER BY sort desc,id asc  [ RunTime:0.0500s ]
NOTIC: [2] in_array() expects parameter 2 to be array, null given D:\wamp\www\project\www.91soumu.com.new\Admin\Controller\BaseController.class.php 第 54 行.
SQL: SHOW COLUMNS FROM `hgy91_service_goods` [ RunTime:0.0400s ]
SQL: SHOW COLUMNS FROM `hgy91_category` [ RunTime:0.0400s ]
SQL: SELECT `cid`,`pid`,`name` FROM `hgy91_category` WHERE ( pid=94 )  [ RunTime:0.0400s ]
NOTIC: [8] Undefined index: category_pid D:\wamp\www\project\www.91soumu.com.new\Admin\Controller\ServiceGoodsController.class.php 第 19 行.
NOTIC: [8] Undefined index: category_pid D:\wamp\www\project\www.91soumu.com.new\Admin\Controller\ServiceGoodsController.class.php 第 19 行.
NOTIC: [8] Undefined variable: map D:\wamp\www\project\www.91soumu.com.new\Admin\Controller\ServiceGoodsController.class.php 第 35 行.
SQL: SELECT COUNT(*) AS tp_count FROM `hgy91_service_goods` LIMIT 1   [ RunTime:0.0390s ]
NOTIC: [8] Undefined variable: map D:\wamp\www\project\www.91soumu.com.new\Admin\Controller\ServiceGoodsController.class.php 第 44 行.
SQL: SELECT * FROM `hgy91_service_goods` ORDER BY created_time desc LIMIT 0,10   [ RunTime:0.0440s ]
SQL: SHOW COLUMNS FROM `hgy91_category` [ RunTime:0.0450s ]
SQL: SELECT `name` FROM `hgy91_category` WHERE ( 1=1 AND cid='101' ) LIMIT 1   [ RunTime:0.0390s ]
SQL: SELECT `name` FROM `hgy91_category` WHERE ( 1=1 AND cid='101' ) LIMIT 1   [ RunTime:0.0390s ]
SQL: SELECT `name` FROM `hgy91_category` WHERE ( 1=1 AND cid='97' ) LIMIT 1   [ RunTime:0.0390s ]
SQL: SELECT `name` FROM `hgy91_category` WHERE ( 1=1 AND cid='97' ) LIMIT 1   [ RunTime:0.0390s ]
SQL: SELECT `name` FROM `hgy91_category` WHERE ( 1=1 AND cid='101' ) LIMIT 1   [ RunTime:0.0400s ]
SQL: SELECT `name` FROM `hgy91_category` WHERE ( 1=1 AND cid='99' ) LIMIT 1   [ RunTime:0.0390s ]
SQL: SELECT `name` FROM `hgy91_category` WHERE ( 1=1 AND cid='98' ) LIMIT 1   [ RunTime:0.0390s ]
SQL: SELECT `name` FROM `hgy91_category` WHERE ( 1=1 AND cid='104' ) LIMIT 1   [ RunTime:0.0390s ]
SQL: SELECT `name` FROM `hgy91_category` WHERE ( 1=1 AND cid='101' ) LIMIT 1   [ RunTime:0.0400s ]
SQL: SELECT `name` FROM `hgy91_category` WHERE ( 1=1 AND cid='97' ) LIMIT 1   [ RunTime:0.0390s ]
SQL: SELECT * FROM `hgy91_service_goods`  [ RunTime:0.0450s ]
SQL: SHOW COLUMNS FROM `hgy91_storage` [ RunTime:0.0480s ]
SQL: SELECT `id`,`storage_name` FROM `hgy91_storage` WHERE ( status = 1 )  [ RunTime:0.0400s ]
NOTIC: [8] Undefined variable: categoryList D:\wamp\www\project\www.91soumu.com.new\Admin\Controller\ServiceGoodsController.class.php 第 55 行.
INFO: [ view_parse ] --START--
INFO: [ template_filter ] --START--
INFO: Run Behavior\ContentReplaceBehavior [ RunTime:0.000000s ]
INFO: [ template_filter ] --END-- [ RunTime:0.000000s ]
NOTIC: [8] Undefined index: name D:\wamp\www\project\www.91soumu.com.new\Cache\Runtime\Admin\Cache\Admin\981e0207471613b809d1108cf55d1fb7.php 第 235 行.
INFO: Run Behavior\ParseTemplateBehavior [ RunTime:0.100006s ]
INFO: [ view_parse ] --END-- [ RunTime:0.101006s ]
INFO: [ view_filter ] --START--
INFO: Run Behavior\WriteHtmlCacheBehavior [ RunTime:0.000000s ]
INFO: [ view_filter ] --END-- [ RunTime:0.001000s ]
INFO: [ app_end ] --START--
INFO: Run Behavior\ShowPageTraceBehavior [ RunTime:0.001000s ]
INFO: [ app_end ] --END-- [ RunTime:0.001000s ]

[ 2017-02-09T11:55:18+08:00 ] 127.0.0.1 /system.php/OrderService/waitPay.html
INFO: [ app_init ] --START--
INFO: Run Behavior\BuildLiteBehavior [ RunTime:0.000000s ]
INFO: [ app_init ] --END-- [ RunTime:0.000000s ]
INFO: [ app_begin ] --START--
INFO: Run Behavior\ReadHtmlCacheBehavior [ RunTime:0.001000s ]
INFO: [ app_begin ] --END-- [ RunTime:0.001000s ]
SQL: SHOW COLUMNS FROM `hgy91_privilege` [ RunTime:0.0380s ]
SQL: SELECT `id`,`pid`,`level` FROM `hgy91_privilege` WHERE ( name='OrderService/waitPay' ) LIMIT 1   [ RunTime:0.0380s ]
SQL: SELECT `id`,`pid`,`level` FROM `hgy91_privilege` WHERE ( id=557 ) LIMIT 1   [ RunTime:0.0380s ]
SQL: SELECT `id`,`pid`,`level` FROM `hgy91_privilege` WHERE ( id=492 ) LIMIT 1   [ RunTime:0.0380s ]
SQL: SELECT `id`,`pid`,`level` FROM `hgy91_privilege` WHERE ( id=557 ) LIMIT 1   [ RunTime:0.0380s ]
SQL: SELECT * FROM `hgy91_privilege` WHERE ( status=1 and level<=2 ) ORDER BY sort desc,id asc  [ RunTime:0.0500s ]
NOTIC: [2] in_array() expects parameter 2 to be array, null given D:\wamp\www\project\www.91soumu.com.new\Admin\Controller\BaseController.class.php 第 54 行.
SQL: SHOW COLUMNS FROM `hgy91_order_service_main` [ RunTime:0.0390s ]
SQL: SELECT COUNT(*) AS tp_count FROM `hgy91_order_service_main` WHERE `status` = 0 LIMIT 1   [ RunTime:0.0370s ]
SQL: SELECT * FROM `hgy91_order_service_main` WHERE `status` = 0 ORDER BY order_service_time desc LIMIT 0,10   [ RunTime:0.0440s ]
INFO: [ view_parse ] --START--
INFO: [ template_filter ] --START--
INFO: Run Behavior\ContentReplaceBehavior [ RunTime:0.000000s ]
INFO: [ template_filter ] --END-- [ RunTime:0.000000s ]
NOTIC: [8] Undefined index: order_main_sn D:\wamp\www\project\www.91soumu.com.new\Cache\Runtime\Admin\Cache\Admin\84ccd4ab47052173a56630078b3856a6.php 第 229 行.
NOTIC: [8] Undefined index: store_name D:\wamp\www\project\www.91soumu.com.new\Cache\Runtime\Admin\Cache\Admin\84ccd4ab47052173a56630078b3856a6.php 第 230 行.
NOTIC: [8] Undefined variable: page D:\wamp\www\project\www.91soumu.com.new\Cache\Runtime\Admin\Cache\Admin\84ccd4ab47052173a56630078b3856a6.php 第 265 行.
INFO: Run Behavior\ParseTemplateBehavior [ RunTime:0.089005s ]
INFO: [ view_parse ] --END-- [ RunTime:0.089005s ]
INFO: [ view_filter ] --START--
INFO: Run Behavior\WriteHtmlCacheBehavior [ RunTime:0.001001s ]
INFO: [ view_filter ] --END-- [ RunTime:0.001001s ]
INFO: [ app_end ] --START--
INFO: Run Behavior\ShowPageTraceBehavior [ RunTime:0.001000s ]
INFO: [ app_end ] --END-- [ RunTime:0.001000s ]

[ 2017-02-09T11:55:33+08:00 ] 127.0.0.1 /system.php/OrderService/orderDetails/id/1.html
INFO: [ app_init ] --START--
INFO: Run Behavior\BuildLiteBehavior [ RunTime:0.000000s ]
INFO: [ app_init ] --END-- [ RunTime:0.000000s ]
INFO: [ app_begin ] --START--
INFO: Run Behavior\ReadHtmlCacheBehavior [ RunTime:0.000000s ]
INFO: [ app_begin ] --END-- [ RunTime:0.000000s ]
SQL: SHOW COLUMNS FROM `hgy91_logs` [ RunTime:0.0380s ]
SQL: INSERT INTO `hgy91_logs` (`controller`,`action`,`time`,`admin_id`,`admin_name`,`get_data`,`post_data`,`ip`) VALUES ('OrderService','orderDetails','1486612532','28','xds','array (
  \'GET\' => 
  array (
    \'id\' => \'1\',
  ),
)','array (
  \'POST\' => 
  array (
  ),
)','2130706433') [ RunTime:0.0380s ]
SQL: SHOW COLUMNS FROM `hgy91_privilege` [ RunTime:0.0380s ]
SQL: SELECT `id`,`pid`,`level` FROM `hgy91_privilege` WHERE ( name='OrderService/orderDetails' ) LIMIT 1   [ RunTime:0.0370s ]
SQL: SELECT `id`,`pid`,`level` FROM `hgy91_privilege` WHERE ( id=558 ) LIMIT 1   [ RunTime:0.0370s ]
SQL: SELECT `id`,`pid`,`level` FROM `hgy91_privilege` WHERE ( id=557 ) LIMIT 1   [ RunTime:0.0380s ]
SQL: SELECT `id`,`pid`,`level` FROM `hgy91_privilege` WHERE ( id=492 ) LIMIT 1   [ RunTime:0.0370s ]
SQL: SELECT `id`,`pid`,`level` FROM `hgy91_privilege` WHERE ( id=558 ) LIMIT 1   [ RunTime:0.0380s ]
SQL: SELECT `id`,`pid`,`level` FROM `hgy91_privilege` WHERE ( id=557 ) LIMIT 1   [ RunTime:0.0370s ]
SQL: SELECT * FROM `hgy91_privilege` WHERE ( status=1 and level<=2 ) ORDER BY sort desc,id asc  [ RunTime:0.0450s ]
NOTIC: [2] in_array() expects parameter 2 to be array, null given D:\wamp\www\project\www.91soumu.com.new\Admin\Controller\BaseController.class.php 第 54 行.
SQL: SHOW COLUMNS FROM `hgy91_order_service_son` [ RunTime:0.0390s ]
SQL: SELECT * FROM `hgy91_order_service_son` WHERE ( order_main_id=1 )  [ RunTime:0.0470s ]
SQL: SHOW COLUMNS FROM `hgy91_order_service_grandchild` [ RunTime:0.0450s ]
SQL: SELECT * FROM `hgy91_order_service_grandchild` WHERE ( 1=1 AND order_son_id='1' )  [ RunTime:0.0400s ]
INFO: [ view_parse ] --START--
INFO: [ template_filter ] --START--
INFO: Run Behavior\ContentReplaceBehavior [ RunTime:0.001000s ]
INFO: [ template_filter ] --END-- [ RunTime:0.001000s ]
INFO: Run Behavior\ParseTemplateBehavior [ RunTime:0.048002s ]
INFO: [ view_parse ] --END-- [ RunTime:0.048002s ]
INFO: [ view_filter ] --START--
INFO: Run Behavior\WriteHtmlCacheBehavior [ RunTime:0.001001s ]
INFO: [ view_filter ] --END-- [ RunTime:0.001001s ]
INFO: [ app_end ] --START--
INFO: Run Behavior\ShowPageTraceBehavior [ RunTime:0.001000s ]
INFO: [ app_end ] --END-- [ RunTime:0.001000s ]

[ 2017-02-09T11:56:01+08:00 ] 127.0.0.1 /system.php/Storage/apply.html
INFO: [ app_init ] --START--
INFO: Run Behavior\BuildLiteBehavior [ RunTime:0.001000s ]
INFO: [ app_init ] --END-- [ RunTime:0.001000s ]
INFO: [ app_begin ] --START--
INFO: Run Behavior\ReadHtmlCacheBehavior [ RunTime:0.001000s ]
INFO: [ app_begin ] --END-- [ RunTime:0.001000s ]
SQL: SHOW COLUMNS FROM `hgy91_privilege` [ RunTime:0.0390s ]
SQL: SELECT `id`,`pid`,`level` FROM `hgy91_privilege` WHERE ( name='Storage/apply' ) LIMIT 1   [ RunTime:0.0390s ]
SQL: SELECT `id`,`pid`,`level` FROM `hgy91_privilege` WHERE ( id=493 ) LIMIT 1   [ RunTime:0.0380s ]
SQL: SELECT `id`,`pid`,`level` FROM `hgy91_privilege` WHERE ( id=492 ) LIMIT 1   [ RunTime:0.0370s ]
SQL: SELECT `id`,`pid`,`level` FROM `hgy91_privilege` WHERE ( id=493 ) LIMIT 1   [ RunTime:0.0370s ]
SQL: SELECT * FROM `hgy91_privilege` WHERE ( status=1 and level<=2 ) ORDER BY sort desc,id asc  [ RunTime:0.0500s ]
NOTIC: [2] in_array() expects parameter 2 to be array, null given D:\wamp\www\project\www.91soumu.com.new\Admin\Controller\BaseController.class.php 第 54 行.
SQL: SHOW COLUMNS FROM `hgy91_application` [ RunTime:0.0390s ]
NOTIC: [8] Undefined variable: where D:\wamp\www\project\www.91soumu.com.new\Admin\Controller\StorageController.class.php 第 146 行.
SQL: SELECT COUNT(*) AS tp_count FROM `hgy91_application` LIMIT 1   [ RunTime:0.0380s ]
NOTIC: [8] Undefined variable: where D:\wamp\www\project\www.91soumu.com.new\Admin\Controller\StorageController.class.php 第 152 行.
SQL: SELECT * FROM `hgy91_application` ORDER BY id desc LIMIT 0,10   [ RunTime:0.0480s ]
INFO: [ view_parse ] --START--
INFO: [ template_filter ] --START--
INFO: Run Behavior\ContentReplaceBehavior [ RunTime:0.001000s ]
INFO: [ template_filter ] --END-- [ RunTime:0.001000s ]
NOTIC: [8] Undefined index: service_goods_name D:\wamp\www\project\www.91soumu.com.new\Cache\Runtime\Admin\Cache\Admin\4a6dea1b9c07e9478d188cbd18f458f9.php 第 240 行.
INFO: Run Behavior\ParseTemplateBehavior [ RunTime:0.244014s ]
INFO: [ view_parse ] --END-- [ RunTime:0.244014s ]
INFO: [ view_filter ] --START--
INFO: Run Behavior\WriteHtmlCacheBehavior [ RunTime:0.001000s ]
INFO: [ view_filter ] --END-- [ RunTime:0.001000s ]
INFO: [ app_end ] --START--
INFO: Run Behavior\ShowPageTraceBehavior [ RunTime:0.006001s ]
INFO: [ app_end ] --END-- [ RunTime:0.007001s ]

[ 2017-02-09T11:56:09+08:00 ] 127.0.0.1 /system.php/ServiceGoods/index.html
INFO: [ app_init ] --START--
INFO: Run Behavior\BuildLiteBehavior [ RunTime:0.000000s ]
INFO: [ app_init ] --END-- [ RunTime:0.001000s ]
INFO: [ app_begin ] --START--
INFO: Run Behavior\ReadHtmlCacheBehavior [ RunTime:0.001000s ]
INFO: [ app_begin ] --END-- [ RunTime:0.002000s ]
SQL: SHOW COLUMNS FROM `hgy91_privilege` [ RunTime:0.3340s ]
SQL: SELECT `id`,`pid`,`level` FROM `hgy91_privilege` WHERE ( name='ServiceGoods/index' ) LIMIT 1   [ RunTime:0.0380s ]
SQL: SELECT `id`,`pid`,`level` FROM `hgy91_privilege` WHERE ( id=500 ) LIMIT 1   [ RunTime:0.0420s ]
SQL: SELECT `id`,`pid`,`level` FROM `hgy91_privilege` WHERE ( id=492 ) LIMIT 1   [ RunTime:0.0380s ]
SQL: SELECT `id`,`pid`,`level` FROM `hgy91_privilege` WHERE ( id=500 ) LIMIT 1   [ RunTime:0.0390s ]
SQL: SELECT * FROM `hgy91_privilege` WHERE ( status=1 and level<=2 ) ORDER BY sort desc,id asc  [ RunTime:0.0870s ]
NOTIC: [2] in_array() expects parameter 2 to be array, null given D:\wamp\www\project\www.91soumu.com.new\Admin\Controller\BaseController.class.php 第 54 行.
SQL: SHOW COLUMNS FROM `hgy91_service_goods` [ RunTime:0.0390s ]
SQL: SHOW COLUMNS FROM `hgy91_category` [ RunTime:0.0390s ]
SQL: SELECT `cid`,`pid`,`name` FROM `hgy91_category` WHERE ( pid=94 )  [ RunTime:0.0390s ]
NOTIC: [8] Undefined index: category_pid D:\wamp\www\project\www.91soumu.com.new\Admin\Controller\ServiceGoodsController.class.php 第 19 行.
NOTIC: [8] Undefined index: category_pid D:\wamp\www\project\www.91soumu.com.new\Admin\Controller\ServiceGoodsController.class.php 第 19 行.
NOTIC: [8] Undefined variable: map D:\wamp\www\project\www.91soumu.com.new\Admin\Controller\ServiceGoodsController.class.php 第 35 行.
SQL: SELECT COUNT(*) AS tp_count FROM `hgy91_service_goods` LIMIT 1   [ RunTime:0.0370s ]
NOTIC: [8] Undefined variable: map D:\wamp\www\project\www.91soumu.com.new\Admin\Controller\ServiceGoodsController.class.php 第 44 行.
SQL: SELECT * FROM `hgy91_service_goods` ORDER BY created_time desc LIMIT 0,10   [ RunTime:0.0410s ]
SQL: SHOW COLUMNS FROM `hgy91_category` [ RunTime:0.0450s ]
SQL: SELECT `name` FROM `hgy91_category` WHERE ( 1=1 AND cid='101' ) LIMIT 1   [ RunTime:0.0380s ]
SQL: SELECT `name` FROM `hgy91_category` WHERE ( 1=1 AND cid='101' ) LIMIT 1   [ RunTime:0.0380s ]
SQL: SELECT `name` FROM `hgy91_category` WHERE ( 1=1 AND cid='97' ) LIMIT 1   [ RunTime:0.0380s ]
SQL: SELECT `name` FROM `hgy91_category` WHERE ( 1=1 AND cid='97' ) LIMIT 1   [ RunTime:0.0380s ]
SQL: SELECT `name` FROM `hgy91_category` WHERE ( 1=1 AND cid='101' ) LIMIT 1   [ RunTime:0.0380s ]
SQL: SELECT `name` FROM `hgy91_category` WHERE ( 1=1 AND cid='99' ) LIMIT 1   [ RunTime:0.0380s ]
SQL: SELECT `name` FROM `hgy91_category` WHERE ( 1=1 AND cid='98' ) LIMIT 1   [ RunTime:0.0380s ]
SQL: SELECT `name` FROM `hgy91_category` WHERE ( 1=1 AND cid='104' ) LIMIT 1   [ RunTime:0.0380s ]
SQL: SELECT `name` FROM `hgy91_category` WHERE ( 1=1 AND cid='101' ) LIMIT 1   [ RunTime:0.0380s ]
SQL: SELECT `name` FROM `hgy91_category` WHERE ( 1=1 AND cid='97' ) LIMIT 1   [ RunTime:0.0390s ]
SQL: SELECT * FROM `hgy91_service_goods`  [ RunTime:0.0420s ]
SQL: SHOW COLUMNS FROM `hgy91_storage` [ RunTime:0.0460s ]
SQL: SELECT `id`,`storage_name` FROM `hgy91_storage` WHERE ( status = 1 )  [ RunTime:0.0390s ]
NOTIC: [8] Undefined variable: categoryList D:\wamp\www\project\www.91soumu.com.new\Admin\Controller\ServiceGoodsController.class.php 第 55 行.
INFO: [ view_parse ] --START--
INFO: [ template_filter ] --START--
INFO: Run Behavior\ContentReplaceBehavior [ RunTime:0.001000s ]
INFO: [ template_filter ] --END-- [ RunTime:0.001000s ]
NOTIC: [8] Undefined index: name D:\wamp\www\project\www.91soumu.com.new\Cache\Runtime\Admin\Cache\Admin\981e0207471613b809d1108cf55d1fb7.php 第 235 行.
INFO: Run Behavior\ParseTemplateBehavior [ RunTime:0.090006s ]
INFO: [ view_parse ] --END-- [ RunTime:0.090006s ]
INFO: [ view_filter ] --START--
INFO: Run Behavior\WriteHtmlCacheBehavior [ RunTime:0.001000s ]
INFO: [ view_filter ] --END-- [ RunTime:0.001000s ]
INFO: [ app_end ] --START--
INFO: Run Behavior\ShowPageTraceBehavior [ RunTime:0.001000s ]
INFO: [ app_end ] --END-- [ RunTime:0.001000s ]

